<?xml version="1.0"?><coverage lines-covered="171" lines-valid="435" line-rate="0.3931034482758621" branches-covered="0" branches-valid="0" branch-rate="0" complexity="0" version="1.9" timestamp="1757812427"><sources><source>/Users/jianlongzhong/src/azolla/clients/rust/azolla-client</source></sources><packages><package name="tests" line-rate="0" branch-rate="0" complexity="0"><classes></classes></package><package name="src" line-rate="0.3931034482758621" branch-rate="0" complexity="0"><classes><class name="client" filename="src/client.rs" line-rate="0.19834710743801653" branch-rate="0" complexity="0"><methods/><lines><line number="31" hits="45"/><line number="33" hits="135"/><line number="34" hits="90"/><line number="35" hits="45"/><line number="42" hits="66"/><line number="44" hits="66"/><line number="48" hits="66"/><line number="52" hits="102"/><line number="53" hits="200"/><line number="54" hits="63"/><line number="55" hits="0"/><line number="56" hits="0"/><line number="58" hits="39"/><line number="59" hits="0"/><line number="61" hits="0"/><line number="62" hits="0"/><line number="63" hits="0"/><line number="66" hits="0"/><line number="70" hits="8"/><line number="71" hits="8"/><line number="75" hits="0"/><line number="76" hits="0"/><line number="87" hits="8"/><line number="88" hits="24"/><line number="89" hits="8"/><line number="92" hits="7"/><line number="93" hits="21"/><line number="94" hits="7"/><line number="97" hits="7"/><line number="98" hits="7"/><line number="99" hits="7"/><line number="102" hits="8"/><line number="103" hits="8"/><line number="117" hits="0"/><line number="120" hits="0"/><line number="121" hits="0"/><line number="129" hits="0"/><line number="130" hits="0"/><line number="131" hits="0"/><line number="132" hits="0"/><line number="133" hits="0"/><line number="135" hits="0"/><line number="139" hits="0"/><line number="140" hits="0"/><line number="141" hits="0"/><line number="145" hits="0"/><line number="146" hits="0"/><line number="147" hits="0"/><line number="151" hits="0"/><line number="152" hits="0"/><line number="153" hits="0"/><line number="154" hits="0"/><line number="155" hits="0"/><line number="159" hits="0"/><line number="160" hits="0"/><line number="163" hits="0"/><line number="165" hits="0"/><line number="168" hits="0"/><line number="169" hits="0"/><line number="170" hits="0"/><line number="171" hits="0"/><line number="173" hits="0"/><line number="174" hits="0"/><line number="176" hits="0"/><line number="178" hits="0"/><line number="179" hits="0"/><line number="180" hits="0"/><line number="193" hits="0"/><line number="194" hits="0"/><line number="198" hits="0"/><line number="199" hits="0"/><line number="200" hits="0"/><line number="201" hits="0"/><line number="202" hits="0"/><line number="206" hits="0"/><line number="207" hits="0"/><line number="210" hits="0"/><line number="211" hits="0"/><line number="212" hits="0"/><line number="214" hits="0"/><line number="215" hits="0"/><line number="217" hits="0"/><line number="219" hits="0"/><line number="220" hits="0"/><line number="222" hits="0"/><line number="224" hits="0"/><line number="225" hits="0"/><line number="227" hits="0"/><line number="228" hits="0"/><line number="229" hits="0"/><line number="232" hits="0"/><line number="233" hits="0"/><line number="235" hits="0"/><line number="238" hits="0"/><line number="239" hits="0"/><line number="245" hits="0"/><line number="246" hits="0"/><line number="247" hits="0"/><line number="252" hits="0"/><line number="254" hits="0"/><line number="255" hits="0"/><line number="258" hits="0"/><line number="259" hits="0"/><line number="260" hits="0"/><line number="262" hits="0"/><line number="263" hits="0"/><line number="265" hits="0"/><line number="267" hits="0"/><line number="268" hits="0"/><line number="270" hits="0"/><line number="271" hits="0"/><line number="272" hits="0"/><line number="273" hits="0"/><line number="275" hits="0"/><line number="277" hits="0"/><line number="278" hits="0"/><line number="279" hits="0"/><line number="282" hits="0"/><line number="283" hits="0"/><line number="285" hits="0"/><line number="287" hits="0"/></lines></class><class name="convert" filename="src/convert.rs" line-rate="0.9056603773584906" branch-rate="0" complexity="0"><methods/><lines><line number="15" hits="34"/><line number="17" hits="102"/><line number="18" hits="34"/><line number="24" hits="12"/><line number="25" hits="12"/><line number="26" hits="11"/><line number="29" hits="4"/><line number="38" hits="18"/><line number="39" hits="18"/><line number="40" hits="12"/><line number="41" hits="12"/><line number="47" hits="50"/><line number="48" hits="50"/><line number="49" hits="39"/><line number="51" hits="114"/><line number="52" hits="6"/><line number="53" hits="22"/><line number="59" hits="2"/><line number="60" hits="2"/><line number="61" hits="2"/><line number="63" hits="0"/><line number="64" hits="0"/><line number="70" hits="7"/><line number="71" hits="7"/><line number="72" hits="6"/><line number="74" hits="15"/><line number="75" hits="6"/><line number="76" hits="2"/><line number="82" hits="3"/><line number="83" hits="3"/><line number="84" hits="3"/><line number="86" hits="3"/><line number="87" hits="0"/><line number="93" hits="7"/><line number="94" hits="7"/><line number="95" hits="6"/><line number="97" hits="0"/><line number="98" hits="2"/><line number="104" hits="12"/><line number="105" hits="12"/><line number="106" hits="7"/><line number="107" hits="10"/><line number="113" hits="20"/><line number="114" hits="20"/><line number="115" hits="8"/><line number="116" hits="27"/><line number="122" hits="25"/><line number="123" hits="25"/><line number="124" hits="21"/><line number="126" hits="0"/><line number="128" hits="8"/><line number="135" hits="2"/><line number="136" hits="2"/></lines></class><class name="error" filename="src/error.rs" line-rate="1" branch-rate="0" complexity="0"><methods/><lines><line number="44" hits="19"/><line number="46" hits="57"/><line number="47" hits="57"/><line number="54" hits="23"/><line number="56" hits="69"/><line number="57" hits="69"/><line number="65" hits="6"/><line number="67" hits="18"/><line number="68" hits="18"/><line number="76" hits="6"/><line number="77" hits="18"/><line number="78" hits="6"/><line number="82" hits="6"/><line number="83" hits="12"/><line number="84" hits="6"/><line number="88" hits="1"/><line number="89" hits="1"/><line number="93" hits="1"/><line number="94" hits="2"/><line number="99" hits="5"/><line number="100" hits="5"/></lines></class><class name="retry_policy" filename="src/retry_policy.rs" line-rate="0.9772727272727273" branch-rate="0" complexity="0"><methods/><lines><line number="14" hits="4"/><line number="15" hits="8"/><line number="20" hits="12"/><line number="21" hits="12"/><line number="24" hits="5"/><line number="25" hits="10"/><line number="26" hits="5"/><line number="27" hits="5"/><line number="28" hits="5"/><line number="32" hits="2"/><line number="33" hits="4"/><line number="36" hits="1"/><line number="37" hits="2"/><line number="38" hits="1"/><line number="84" hits="21"/><line number="87" hits="42"/><line number="92" hits="42"/><line number="94" hits="63"/><line number="95" hits="21"/><line number="101" hits="8"/><line number="108" hits="12"/><line number="109" hits="12"/><line number="110" hits="12"/><line number="113" hits="6"/><line number="114" hits="6"/><line number="115" hits="6"/><line number="118" hits="8"/><line number="119" hits="8"/><line number="120" hits="0"/><line number="121" hits="14"/><line number="122" hits="7"/><line number="124" hits="1"/><line number="126" hits="8"/><line number="129" hits="8"/><line number="130" hits="72"/><line number="131" hits="8"/><line number="134" hits="6"/><line number="135" hits="44"/><line number="136" hits="6"/><line number="139" hits="20"/><line number="141" hits="40"/><line number="142" hits="40"/><line number="146" hits="40"/><line number="147" hits="20"/></lines></class><class name="task" filename="src/task.rs" line-rate="0.7619047619047619" branch-rate="0" complexity="0"><methods/><lines><line number="29" hits="28"/><line number="30" hits="28"/><line number="31" hits="0"/><line number="33" hits="12"/><line number="34" hits="4"/><line number="35" hits="2"/><line number="36" hits="4"/><line number="37" hits="2"/><line number="41" hits="0"/><line number="43" hits="52"/><line number="44" hits="8"/><line number="47" hits="0"/><line number="49" hits="14"/><line number="50" hits="4"/><line number="71" hits="3"/><line number="72" hits="6"/><line number="75" hits="16"/><line number="79" hits="32"/><line number="80" hits="48"/><line number="81" hits="0"/><line number="82" hits="0"/></lines></class><class name="worker" filename="src/worker.rs" line-rate="0.10857142857142857" branch-rate="0" complexity="0"><methods/><lines><line number="28" hits="0"/><line number="29" hits="0"/><line number="35" hits="0"/><line number="36" hits="0"/><line number="60" hits="3"/><line number="62" hits="9"/><line number="63" hits="9"/><line number="64" hits="6"/><line number="66" hits="3"/><line number="73" hits="2"/><line number="74" hits="2"/><line number="78" hits="0"/><line number="79" hits="0"/><line number="83" hits="0"/><line number="84" hits="0"/><line number="85" hits="0"/><line number="86" hits="0"/><line number="92" hits="0"/><line number="96" hits="0"/><line number="98" hits="0"/><line number="99" hits="0"/><line number="101" hits="0"/><line number="102" hits="0"/><line number="103" hits="0"/><line number="104" hits="0"/><line number="107" hits="0"/><line number="108" hits="0"/><line number="110" hits="0"/><line number="113" hits="0"/><line number="114" hits="0"/><line number="115" hits="0"/><line number="120" hits="0"/><line number="124" hits="0"/><line number="126" hits="0"/><line number="129" hits="0"/><line number="130" hits="0"/><line number="133" hits="0"/><line number="137" hits="0"/><line number="145" hits="0"/><line number="146" hits="0"/><line number="147" hits="0"/><line number="149" hits="0"/><line number="155" hits="0"/><line number="156" hits="0"/><line number="157" hits="0"/><line number="158" hits="0"/><line number="160" hits="0"/><line number="161" hits="0"/><line number="162" hits="0"/><line number="163" hits="0"/><line number="164" hits="0"/><line number="165" hits="0"/><line number="167" hits="0"/><line number="171" hits="0"/><line number="174" hits="0"/><line number="176" hits="0"/><line number="180" hits="0"/><line number="181" hits="0"/><line number="182" hits="0"/><line number="183" hits="0"/><line number="185" hits="0"/><line number="189" hits="0"/><line number="194" hits="0"/><line number="195" hits="0"/><line number="196" hits="0"/><line number="197" hits="0"/><line number="199" hits="0"/><line number="200" hits="0"/><line number="201" hits="0"/><line number="203" hits="0"/><line number="204" hits="0"/><line number="207" hits="0"/><line number="211" hits="0"/><line number="212" hits="0"/><line number="216" hits="0"/><line number="220" hits="0"/><line number="225" hits="0"/><line number="229" hits="0"/><line number="234" hits="0"/><line number="235" hits="0"/><line number="236" hits="0"/><line number="240" hits="0"/><line number="241" hits="0"/><line number="244" hits="0"/><line number="246" hits="0"/><line number="248" hits="0"/><line number="250" hits="0"/><line number="253" hits="0"/><line number="254" hits="0"/><line number="255" hits="0"/><line number="259" hits="0"/><line number="260" hits="0"/><line number="266" hits="0"/><line number="270" hits="0"/><line number="274" hits="0"/><line number="277" hits="0"/><line number="278" hits="0"/><line number="280" hits="0"/><line number="281" hits="0"/><line number="282" hits="0"/><line number="283" hits="0"/><line number="284" hits="0"/><line number="285" hits="0"/><line number="286" hits="0"/><line number="287" hits="0"/><line number="288" hits="0"/><line number="290" hits="0"/><line number="291" hits="0"/><line number="292" hits="0"/><line number="300" hits="0"/><line number="301" hits="0"/><line number="302" hits="0"/><line number="303" hits="0"/><line number="304" hits="0"/><line number="305" hits="0"/><line number="306" hits="0"/><line number="307" hits="0"/><line number="308" hits="0"/><line number="309" hits="0"/><line number="310" hits="0"/><line number="311" hits="0"/><line number="312" hits="0"/><line number="322" hits="0"/><line number="323" hits="0"/><line number="324" hits="0"/><line number="326" hits="0"/><line number="328" hits="0"/><line number="331" hits="0"/><line number="341" hits="0"/><line number="342" hits="0"/><line number="345" hits="0"/><line number="360" hits="0"/><line number="361" hits="0"/><line number="362" hits="0"/><line number="364" hits="0"/><line number="368" hits="0"/><line number="375" hits="0"/><line number="379" hits="0"/><line number="385" hits="0"/><line number="387" hits="0"/><line number="388" hits="0"/><line number="390" hits="0"/><line number="392" hits="0"/><line number="400" hits="0"/><line number="401" hits="0"/><line number="402" hits="0"/><line number="408" hits="0"/><line number="409" hits="0"/><line number="422" hits="1"/><line number="423" hits="3"/><line number="424" hits="1"/><line number="428" hits="1"/><line number="429" hits="3"/><line number="430" hits="1"/><line number="434" hits="1"/><line number="435" hits="3"/><line number="436" hits="1"/><line number="440" hits="1"/><line number="441" hits="1"/><line number="442" hits="1"/><line number="446" hits="0"/><line number="447" hits="0"/><line number="448" hits="0"/><line number="449" hits="0"/><line number="450" hits="0"/><line number="454" hits="0"/><line number="459" hits="0"/><line number="460" hits="0"/><line number="464" hits="0"/><line number="465" hits="0"/><line number="466" hits="0"/><line number="467" hits="0"/><line number="468" hits="0"/><line number="469" hits="0"/><line number="470" hits="0"/></lines></class></classes></package><package name="" line-rate="0.3931034482758621" branch-rate="0" complexity="0"><classes></classes></package></packages></coverage>