<?xml version="1.0"?><coverage lines-covered="0" lines-valid="30" line-rate="0" branches-covered="0" branches-valid="0" branch-rate="0" complexity="0" version="1.9" timestamp="1757812447"><sources><source>/Users/jianlongzhong/src/azolla/clients/rust/azolla-macros</source></sources><packages><package name="src" line-rate="0" branch-rate="0" complexity="0"><classes><class name="lib" filename="src/lib.rs" line-rate="0" branch-rate="0" complexity="0"><methods/><lines><line number="6" hits="0"/><line number="7" hits="0"/><line number="8" hits="0"/><line number="9" hits="0"/><line number="10" hits="0"/><line number="11" hits="0"/><line number="13" hits="0"/><line number="20" hits="0"/><line number="21" hits="0"/><line number="22" hits="0"/><line number="23" hits="0"/><line number="24" hits="0"/><line number="27" hits="0"/><line number="28" hits="0"/><line number="30" hits="0"/><line number="31" hits="0"/><line number="32" hits="0"/><line number="33" hits="0"/><line number="34" hits="0"/><line number="40" hits="0"/><line number="41" hits="0"/><line number="44" hits="0"/><line number="47" hits="0"/><line number="51" hits="0"/><line number="52" hits="0"/><line number="53" hits="0"/><line number="58" hits="0"/><line number="59" hits="0"/><line number="65" hits="0"/><line number="104" hits="0"/></lines></class></classes></package><package name="tests" line-rate="0" branch-rate="0" complexity="0"><classes></classes></package></packages></coverage>